<?xml version="1.0" encoding="UTF-8"?>
<testsuite name="SchoolClassTest" tests="1" skipped="0" failures="0" errors="0" timestamp="2022-07-25T18:35:41" hostname="MateuszCs-MacBook-Pro.local" time="0.013">
  <properties/>
  <testcase name="listAllStudents()" classname="SchoolClassTest" time="0.013"/>
  <system-out><![CDATA[]]></system-out>
  <system-err><![CDATA[]]></system-err>
</testsuite>
